<?xml version="1.0" encoding="UTF-8"?>
<!-- Generated by org.testng.reporters.JUnitReportReporter -->
<testsuite skipped="0" hostname="Shikta" name="seleniumFramework.InviromentTest" tests="1" failures="0" timestamp="01 Nov 2020 21:39:08 GMT" time="3.053" errors="0">
  <testcase name="goToGoogle" time="3.053" classname="seleniumFramework.InviromentTest"/>
</testsuite> <!-- seleniumFramework.InviromentTest -->
